EDA Netlist Writer report for Bomberman
Tue May 02 01:20:48 2017
Quartus Prime Version 16.1.0 Build 196 10/24/2016 SJ Lite Edition


---------------------
; Table of Contents ;
---------------------
  1. Legal Notice
  2. EDA Netlist Writer Summary
  3. Simulation Settings
  4. Simulation Generated Files
  5. EDA Netlist Writer Messages



----------------
; Legal Notice ;
----------------
Copyright (C) 2016  Intel Corporation. All rights reserved.
Your use of Intel Corporation's design tools, logic functions 
and other software and tools, and its AMPP partner logic 
functions, and any output files from any of the foregoing 
(including device programming or simulation files), and any 
associated documentation or information are expressly subject 
to the terms and conditions of the Intel Program License 
Subscription Agreement, the Intel Quartus Prime License Agreement,
the Intel MegaCore Function License Agreement, or other 
applicable license agreement, including, without limitation, 
that your use is for the sole purpose of programming logic 
devices manufactured by Intel and sold by Intel or its 
authorized distributors.  Please refer to the applicable 
agreement for further details.



+-------------------------------------------------------------------+
; EDA Netlist Writer Summary                                        ;
+---------------------------+---------------------------------------+
; EDA Netlist Writer Status ; Successful - Tue May 02 01:20:48 2017 ;
; Revision Name             ; Bomberman                             ;
; Top-level Entity Name     ; Bomberman                             ;
; Family                    ; Cyclone IV E                          ;
; Simulation Files Creation ; Successful                            ;
+---------------------------+---------------------------------------+


+-------------------------------------------------------------------------------------------------------------------------------------+
; Simulation Settings                                                                                                                 ;
+---------------------------------------------------------------------------------------------------+---------------------------------+
; Option                                                                                            ; Setting                         ;
+---------------------------------------------------------------------------------------------------+---------------------------------+
; Tool Name                                                                                         ; ModelSim-Altera (SystemVerilog) ;
; Generate functional simulation netlist                                                            ; Off                             ;
; Time scale                                                                                        ; 1 ns                            ;
; Truncate long hierarchy paths                                                                     ; Off                             ;
; Map illegal HDL characters                                                                        ; Off                             ;
; Flatten buses into individual nodes                                                               ; Off                             ;
; Maintain hierarchy                                                                                ; Off                             ;
; Bring out device-wide set/reset signals as ports                                                  ; Off                             ;
; Enable glitch filtering                                                                           ; Off                             ;
; Do not write top level VHDL entity                                                                ; Off                             ;
; Disable detection of setup and hold time violations in the input registers of bi-directional pins ; Off                             ;
; Architecture name in VHDL output netlist                                                          ; structure                       ;
; Generate third-party EDA tool command script for RTL functional simulation                        ; Off                             ;
; Generate third-party EDA tool command script for gate-level simulation                            ; Off                             ;
+---------------------------------------------------------------------------------------------------+---------------------------------+


+---------------------------------------------------------------------------------------------------------------------+
; Simulation Generated Files                                                                                          ;
+---------------------------------------------------------------------------------------------------------------------+
; Generated Files                                                                                                     ;
+---------------------------------------------------------------------------------------------------------------------+
; D:/Dropbox/UIUC/ECE385/FPGA/Quartus_16.1/ECE385/Experiment_8/simulation/modelsim/Bomberman_7_1200mv_85c_slow.svo    ;
; D:/Dropbox/UIUC/ECE385/FPGA/Quartus_16.1/ECE385/Experiment_8/simulation/modelsim/Bomberman_7_1200mv_0c_slow.svo     ;
; D:/Dropbox/UIUC/ECE385/FPGA/Quartus_16.1/ECE385/Experiment_8/simulation/modelsim/Bomberman_min_1200mv_0c_fast.svo   ;
; D:/Dropbox/UIUC/ECE385/FPGA/Quartus_16.1/ECE385/Experiment_8/simulation/modelsim/Bomberman.svo                      ;
; D:/Dropbox/UIUC/ECE385/FPGA/Quartus_16.1/ECE385/Experiment_8/simulation/modelsim/Bomberman_7_1200mv_85c_v_slow.sdo  ;
; D:/Dropbox/UIUC/ECE385/FPGA/Quartus_16.1/ECE385/Experiment_8/simulation/modelsim/Bomberman_7_1200mv_0c_v_slow.sdo   ;
; D:/Dropbox/UIUC/ECE385/FPGA/Quartus_16.1/ECE385/Experiment_8/simulation/modelsim/Bomberman_min_1200mv_0c_v_fast.sdo ;
; D:/Dropbox/UIUC/ECE385/FPGA/Quartus_16.1/ECE385/Experiment_8/simulation/modelsim/Bomberman_v.sdo                    ;
+---------------------------------------------------------------------------------------------------------------------+


+-----------------------------+
; EDA Netlist Writer Messages ;
+-----------------------------+
Info: *******************************************************************
Info: Running Quartus Prime EDA Netlist Writer
    Info: Version 16.1.0 Build 196 10/24/2016 SJ Lite Edition
    Info: Processing started: Tue May 02 01:20:28 2017
Info: Command: quartus_eda --read_settings_files=off --write_settings_files=off lab8 -c Bomberman
Warning (18236): Number of processors has not been specified which may cause overloading on shared machines.  Set the global assignment NUM_PARALLEL_PROCESSORS in your QSF to an appropriate value for best performance.
Warning (202000): An incorrect timescale is selected for the Verilog Output (.VO) file of this PLL design. It's required that the timescale should be 1 ps when simulating a PLL design in a third party EDA tool.
Info (204019): Generated file Bomberman_7_1200mv_85c_slow.svo in folder "D:/Dropbox/UIUC/ECE385/FPGA/Quartus_16.1/ECE385/Experiment_8/simulation/modelsim/" for EDA simulation tool
Warning (202000): An incorrect timescale is selected for the Verilog Output (.VO) file of this PLL design. It's required that the timescale should be 1 ps when simulating a PLL design in a third party EDA tool.
Info (204019): Generated file Bomberman_7_1200mv_0c_slow.svo in folder "D:/Dropbox/UIUC/ECE385/FPGA/Quartus_16.1/ECE385/Experiment_8/simulation/modelsim/" for EDA simulation tool
Warning (202000): An incorrect timescale is selected for the Verilog Output (.VO) file of this PLL design. It's required that the timescale should be 1 ps when simulating a PLL design in a third party EDA tool.
Info (204019): Generated file Bomberman_min_1200mv_0c_fast.svo in folder "D:/Dropbox/UIUC/ECE385/FPGA/Quartus_16.1/ECE385/Experiment_8/simulation/modelsim/" for EDA simulation tool
Warning (202000): An incorrect timescale is selected for the Verilog Output (.VO) file of this PLL design. It's required that the timescale should be 1 ps when simulating a PLL design in a third party EDA tool.
Info (204019): Generated file Bomberman.svo in folder "D:/Dropbox/UIUC/ECE385/FPGA/Quartus_16.1/ECE385/Experiment_8/simulation/modelsim/" for EDA simulation tool
Info (204019): Generated file Bomberman_7_1200mv_85c_v_slow.sdo in folder "D:/Dropbox/UIUC/ECE385/FPGA/Quartus_16.1/ECE385/Experiment_8/simulation/modelsim/" for EDA simulation tool
Info (204019): Generated file Bomberman_7_1200mv_0c_v_slow.sdo in folder "D:/Dropbox/UIUC/ECE385/FPGA/Quartus_16.1/ECE385/Experiment_8/simulation/modelsim/" for EDA simulation tool
Info (204019): Generated file Bomberman_min_1200mv_0c_v_fast.sdo in folder "D:/Dropbox/UIUC/ECE385/FPGA/Quartus_16.1/ECE385/Experiment_8/simulation/modelsim/" for EDA simulation tool
Info (204019): Generated file Bomberman_v.sdo in folder "D:/Dropbox/UIUC/ECE385/FPGA/Quartus_16.1/ECE385/Experiment_8/simulation/modelsim/" for EDA simulation tool
Info: Quartus Prime EDA Netlist Writer was successful. 0 errors, 5 warnings
    Info: Peak virtual memory: 737 megabytes
    Info: Processing ended: Tue May 02 01:20:49 2017
    Info: Elapsed time: 00:00:21
    Info: Total CPU time (on all processors): 00:00:21


