Info: Starting: Create block symbol file (.bsf)
Info: ip-generate --project-directory=F:\lab8 --output-directory=F:\lab8\nios_system --report-file=bsf:F:\lab8\nios_system\nios_system.bsf --system-info=DEVICE_FAMILY="Cyclone IV E" --system-info=DEVICE=EP4CE115F29C7 --system-info=DEVICE_SPEEDGRADE=7 --component-file=F:\lab8\nios_system.qsys
Progress: Loading lab8/nios_system.qsys
Progress: Reading input file
Progress: Adding clk_0 [clock_source 14.0]
Progress: Parameterizing module clk_0
Progress: Adding jtag_uart_0 [altera_avalon_jtag_uart 14.0]
Progress: Parameterizing module jtag_uart_0
Progress: Adding nios2_qsys_0 [altera_nios2_qsys 14.0]
Progress: Parameterizing module nios2_qsys_0
Progress: Adding onchip_memory2_0 [altera_avalon_onchip_memory2 14.0]
Progress: Parameterizing module onchip_memory2_0
Progress: Adding sdram [altera_avalon_new_sdram_controller 14.0]
Progress: Parameterizing module sdram
Progress: Adding sdram_pll [altpll 14.0]
Progress: Parameterizing module sdram_pll
Progress: Adding sysid_qsys_0 [altera_avalon_sysid_qsys 14.0]
Progress: Parameterizing module sysid_qsys_0
Progress: Adding to_hw_port [altera_avalon_pio 14.0]
Progress: Parameterizing module to_hw_port
Progress: Adding to_hw_sig [altera_avalon_pio 14.0]
Progress: Parameterizing module to_hw_sig
Progress: Adding to_sw_port [altera_avalon_pio 14.0]
Progress: Parameterizing module to_sw_port
Progress: Adding to_sw_sig [altera_avalon_pio 14.0]
Progress: Parameterizing module to_sw_sig
Progress: Building connections
Progress: Parameterizing connections
Progress: Validating
Progress: Done reading input file
Info: nios_system.nios2_qsys_0: Please note that for early evaluation, preview versions of new Nios II Gen2 Processors are available with this release.
Info: nios_system.sysid_qsys_0: System ID is not assigned automatically. Edit the System ID parameter to provide a unique ID
Info: nios_system.sysid_qsys_0: Time stamp will be automatically updated when this component is generated.
Info: nios_system.to_sw_port: PIO inputs are not hardwired in test bench. Undefined values will be read from PIO inputs during simulation.
Info: nios_system.to_sw_sig: PIO inputs are not hardwired in test bench. Undefined values will be read from PIO inputs during simulation.
Warning: nios_system.sdram_pll: sdram_pll.areset_conduit must be exported, or connected to a matching conduit.
Warning: nios_system.sdram_pll: sdram_pll.locked_conduit must be exported, or connected to a matching conduit.
Warning: nios_system.sdram_pll: sdram_pll.phasedone_conduit must be exported, or connected to a matching conduit.
Info: ip-generate succeeded.
Info: Finished: Create block symbol file (.bsf)
Info: 
Info: Starting: Create HDL design files for synthesis
Info: ip-generate --project-directory=F:\lab8 --output-directory=F:\lab8\nios_system\synthesis --file-set=QUARTUS_SYNTH --report-file=html:F:\lab8\nios_system\nios_system.html --report-file=sopcinfo:F:\lab8\nios_system.sopcinfo --report-file=cmp:F:\lab8\nios_system\nios_system.cmp --report-file=qip:F:\lab8\nios_system\synthesis\nios_system.qip --report-file=svd:F:\lab8\nios_system\synthesis\nios_system.svd --report-file=regmap:F:\lab8\nios_system\synthesis\nios_system.regmap --report-file=xml:F:\lab8\nios_system\nios_system.xml --report-file=debuginfo:F:\lab8\nios_system\synthesis\nios_system.debuginfo --system-info=DEVICE_FAMILY="Cyclone IV E" --system-info=DEVICE=EP4CE115F29C7 --system-info=DEVICE_SPEEDGRADE=7 --component-file=F:\lab8\nios_system.qsys --language=VERILOG
Progress: Loading lab8/nios_system.qsys
Progress: Reading input file
Progress: Adding clk_0 [clock_source 14.0]
Progress: Parameterizing module clk_0
Progress: Adding jtag_uart_0 [altera_avalon_jtag_uart 14.0]
Progress: Parameterizing module jtag_uart_0
Progress: Adding nios2_qsys_0 [altera_nios2_qsys 14.0]
Progress: Parameterizing module nios2_qsys_0
Progress: Adding onchip_memory2_0 [altera_avalon_onchip_memory2 14.0]
Progress: Parameterizing module onchip_memory2_0
Progress: Adding sdram [altera_avalon_new_sdram_controller 14.0]
Progress: Parameterizing module sdram
Progress: Adding sdram_pll [altpll 14.0]
Progress: Parameterizing module sdram_pll
Progress: Adding sysid_qsys_0 [altera_avalon_sysid_qsys 14.0]
Progress: Parameterizing module sysid_qsys_0
Progress: Adding to_hw_port [altera_avalon_pio 14.0]
Progress: Parameterizing module to_hw_port
Progress: Adding to_hw_sig [altera_avalon_pio 14.0]
Progress: Parameterizing module to_hw_sig
Progress: Adding to_sw_port [altera_avalon_pio 14.0]
Progress: Parameterizing module to_sw_port
Progress: Adding to_sw_sig [altera_avalon_pio 14.0]
Progress: Parameterizing module to_sw_sig
Progress: Building connections
Progress: Parameterizing connections
Progress: Validating
Progress: Done reading input file
Info: nios_system.nios2_qsys_0: Please note that for early evaluation, preview versions of new Nios II Gen2 Processors are available with this release.
Info: nios_system.sysid_qsys_0: System ID is not assigned automatically. Edit the System ID parameter to provide a unique ID
Info: nios_system.sysid_qsys_0: Time stamp will be automatically updated when this component is generated.
Info: nios_system.to_sw_port: PIO inputs are not hardwired in test bench. Undefined values will be read from PIO inputs during simulation.
Info: nios_system.to_sw_sig: PIO inputs are not hardwired in test bench. Undefined values will be read from PIO inputs during simulation.
Warning: nios_system.sdram_pll: sdram_pll.areset_conduit must be exported, or connected to a matching conduit.
Warning: nios_system.sdram_pll: sdram_pll.locked_conduit must be exported, or connected to a matching conduit.
Warning: nios_system.sdram_pll: sdram_pll.phasedone_conduit must be exported, or connected to a matching conduit.
Info: nios_system: Generating nios_system "nios_system" for QUARTUS_SYNTH
Info: Inserting clock-crossing logic between cmd_demux.src5 and cmd_mux_005.sink0
Info: Inserting clock-crossing logic between cmd_demux_001.src4 and cmd_mux_005.sink1
Info: Inserting clock-crossing logic between rsp_demux_005.src0 and rsp_mux.sink5
Info: Inserting clock-crossing logic between rsp_demux_005.src1 and rsp_mux_001.sink4
Info: jtag_uart_0: Starting RTL generation for module 'nios_system_jtag_uart_0'
Info: jtag_uart_0:   Generation command is [exec C:/altera/14.0/quartus/bin64/perl/bin/perl.exe -I C:/altera/14.0/quartus/bin64/perl/lib -I C:/altera/14.0/quartus/sopc_builder/bin/europa -I C:/altera/14.0/quartus/sopc_builder/bin/perl_lib -I C:/altera/14.0/quartus/sopc_builder/bin -I C:/altera/14.0/quartus/../ip/altera/sopc_builder_ip/common -I C:/altera/14.0/quartus/../ip/altera/sopc_builder_ip/altera_avalon_jtag_uart -- C:/altera/14.0/quartus/../ip/altera/sopc_builder_ip/altera_avalon_jtag_uart/generate_rtl.pl --name=nios_system_jtag_uart_0 --dir=C:/Users/nprince/AppData/Local/Temp/alt6771_8727419500711091185.dir/0034_jtag_uart_0_gen/ --quartus_dir=C:/altera/14.0/quartus --verilog --config=C:/Users/nprince/AppData/Local/Temp/alt6771_8727419500711091185.dir/0034_jtag_uart_0_gen//nios_system_jtag_uart_0_component_configuration.pl  --do_build_sim=0  ]
Info: jtag_uart_0: Done RTL generation for module 'nios_system_jtag_uart_0'
Info: jtag_uart_0: "nios_system" instantiated altera_avalon_jtag_uart "jtag_uart_0"
Info: nios2_qsys_0: Starting RTL generation for module 'nios_system_nios2_qsys_0'
Info: nios2_qsys_0:   Generation command is [exec C:/altera/14.0/quartus/bin64/eperlcmd.exe -I C:/altera/14.0/quartus/bin64/perl/lib -I C:/altera/14.0/quartus/sopc_builder/bin/europa -I C:/altera/14.0/quartus/sopc_builder/bin/perl_lib -I C:/altera/14.0/quartus/sopc_builder/bin -I C:/altera/14.0/quartus/../ip/altera/nios2_ip/altera_nios2/cpu_lib -I C:/altera/14.0/quartus/../ip/altera/nios2_ip/altera_nios2/nios_lib -I C:/altera/14.0/quartus/../ip/altera/nios2_ip/altera_nios2 -I C:/altera/14.0/quartus/../ip/altera/nios2_ip/altera_nios2 -- C:/altera/14.0/quartus/../ip/altera/nios2_ip/altera_nios2/generate_rtl.epl --name=nios_system_nios2_qsys_0 --dir=C:/Users/nprince/AppData/Local/Temp/alt6771_8727419500711091185.dir/0035_nios2_qsys_0_gen/ --quartus_bindir=C:/altera/14.0/quartus/bin64 --verilog --config=C:/Users/nprince/AppData/Local/Temp/alt6771_8727419500711091185.dir/0035_nios2_qsys_0_gen//nios_system_nios2_qsys_0_processor_configuration.pl  --do_build_sim=0  ]
Info: nios2_qsys_0: # 2015.12.01 17:33:09 (*) Starting Nios II generation
Info: nios2_qsys_0: # 2015.12.01 17:33:09 (*)   Checking for plaintext license.
Info: nios2_qsys_0: # 2015.12.01 17:33:11 (*)   Couldn't query license setup in Quartus directory C:/altera/14.0/quartus/bin64
Info: nios2_qsys_0: # 2015.12.01 17:33:11 (*)   Defaulting to contents of LM_LICENSE_FILE environment variable
Info: nios2_qsys_0: # 2015.12.01 17:33:11 (*)   LM_LICENSE_FILE environment variable is empty
Info: nios2_qsys_0: # 2015.12.01 17:33:11 (*)   Plaintext license not found.
Info: nios2_qsys_0: # 2015.12.01 17:33:11 (*)   No license required to generate encrypted Nios II/e.
Info: nios2_qsys_0: # 2015.12.01 17:33:11 (*)   Elaborating CPU configuration settings
Info: nios2_qsys_0: # 2015.12.01 17:33:11 (*)   Creating all objects for CPU
Info: nios2_qsys_0: # 2015.12.01 17:33:12 (*)   Generating RTL from CPU objects
Info: nios2_qsys_0: # 2015.12.01 17:33:12 (*)   Creating plain-text RTL
Info: nios2_qsys_0: # 2015.12.01 17:33:14 (*) Done Nios II generation
Info: nios2_qsys_0: Done RTL generation for module 'nios_system_nios2_qsys_0'
Info: nios2_qsys_0: "nios_system" instantiated altera_nios2_qsys "nios2_qsys_0"
Info: onchip_memory2_0: Starting RTL generation for module 'nios_system_onchip_memory2_0'
Info: onchip_memory2_0:   Generation command is [exec C:/altera/14.0/quartus/bin64/perl/bin/perl.exe -I C:/altera/14.0/quartus/bin64/perl/lib -I C:/altera/14.0/quartus/sopc_builder/bin/europa -I C:/altera/14.0/quartus/sopc_builder/bin/perl_lib -I C:/altera/14.0/quartus/sopc_builder/bin -I C:/altera/14.0/quartus/../ip/altera/sopc_builder_ip/common -I C:/altera/14.0/quartus/../ip/altera/sopc_builder_ip/altera_avalon_onchip_memory2 -- C:/altera/14.0/quartus/../ip/altera/sopc_builder_ip/altera_avalon_onchip_memory2/generate_rtl.pl --name=nios_system_onchip_memory2_0 --dir=C:/Users/nprince/AppData/Local/Temp/alt6771_8727419500711091185.dir/0036_onchip_memory2_0_gen/ --quartus_dir=C:/altera/14.0/quartus --verilog --config=C:/Users/nprince/AppData/Local/Temp/alt6771_8727419500711091185.dir/0036_onchip_memory2_0_gen//nios_system_onchip_memory2_0_component_configuration.pl  --do_build_sim=0  ]
Info: onchip_memory2_0: Done RTL generation for module 'nios_system_onchip_memory2_0'
Info: onchip_memory2_0: "nios_system" instantiated altera_avalon_onchip_memory2 "onchip_memory2_0"
Info: sdram: Starting RTL generation for module 'nios_system_sdram'
Info: sdram:   Generation command is [exec C:/altera/14.0/quartus/bin64/perl/bin/perl.exe -I C:/altera/14.0/quartus/bin64/perl/lib -I C:/altera/14.0/quartus/sopc_builder/bin/europa -I C:/altera/14.0/quartus/sopc_builder/bin/perl_lib -I C:/altera/14.0/quartus/sopc_builder/bin -I C:/altera/14.0/quartus/../ip/altera/sopc_builder_ip/common -I C:/altera/14.0/quartus/../ip/altera/sopc_builder_ip/altera_avalon_new_sdram_controller -- C:/altera/14.0/quartus/../ip/altera/sopc_builder_ip/altera_avalon_new_sdram_controller/generate_rtl.pl --name=nios_system_sdram --dir=C:/Users/nprince/AppData/Local/Temp/alt6771_8727419500711091185.dir/0037_sdram_gen/ --quartus_dir=C:/altera/14.0/quartus --verilog --config=C:/Users/nprince/AppData/Local/Temp/alt6771_8727419500711091185.dir/0037_sdram_gen//nios_system_sdram_component_configuration.pl  --do_build_sim=0  ]
Info: sdram: Done RTL generation for module 'nios_system_sdram'
Info: sdram: "nios_system" instantiated altera_avalon_new_sdram_controller "sdram"
Info: sdram_pll: "nios_system" instantiated altpll "sdram_pll"
Info: sysid_qsys_0: "nios_system" instantiated altera_avalon_sysid_qsys "sysid_qsys_0"
Info: to_hw_port: Starting RTL generation for module 'nios_system_to_hw_port'
Info: to_hw_port:   Generation command is [exec C:/altera/14.0/quartus/bin64/perl/bin/perl.exe -I C:/altera/14.0/quartus/bin64/perl/lib -I C:/altera/14.0/quartus/sopc_builder/bin/europa -I C:/altera/14.0/quartus/sopc_builder/bin/perl_lib -I C:/altera/14.0/quartus/sopc_builder/bin -I C:/altera/14.0/quartus/../ip/altera/sopc_builder_ip/common -I C:/altera/14.0/quartus/../ip/altera/sopc_builder_ip/altera_avalon_pio -- C:/altera/14.0/quartus/../ip/altera/sopc_builder_ip/altera_avalon_pio/generate_rtl.pl --name=nios_system_to_hw_port --dir=C:/Users/nprince/AppData/Local/Temp/alt6771_8727419500711091185.dir/0041_to_hw_port_gen/ --quartus_dir=C:/altera/14.0/quartus --verilog --config=C:/Users/nprince/AppData/Local/Temp/alt6771_8727419500711091185.dir/0041_to_hw_port_gen//nios_system_to_hw_port_component_configuration.pl  --do_build_sim=0  ]
Info: to_hw_port: Done RTL generation for module 'nios_system_to_hw_port'
Info: to_hw_port: "nios_system" instantiated altera_avalon_pio "to_hw_port"
Info: to_hw_sig: Starting RTL generation for module 'nios_system_to_hw_sig'
Info: to_hw_sig:   Generation command is [exec C:/altera/14.0/quartus/bin64/perl/bin/perl.exe -I C:/altera/14.0/quartus/bin64/perl/lib -I C:/altera/14.0/quartus/sopc_builder/bin/europa -I C:/altera/14.0/quartus/sopc_builder/bin/perl_lib -I C:/altera/14.0/quartus/sopc_builder/bin -I C:/altera/14.0/quartus/../ip/altera/sopc_builder_ip/common -I C:/altera/14.0/quartus/../ip/altera/sopc_builder_ip/altera_avalon_pio -- C:/altera/14.0/quartus/../ip/altera/sopc_builder_ip/altera_avalon_pio/generate_rtl.pl --name=nios_system_to_hw_sig --dir=C:/Users/nprince/AppData/Local/Temp/alt6771_8727419500711091185.dir/0042_to_hw_sig_gen/ --quartus_dir=C:/altera/14.0/quartus --verilog --config=C:/Users/nprince/AppData/Local/Temp/alt6771_8727419500711091185.dir/0042_to_hw_sig_gen//nios_system_to_hw_sig_component_configuration.pl  --do_build_sim=0  ]
Info: to_hw_sig: Done RTL generation for module 'nios_system_to_hw_sig'
Info: to_hw_sig: "nios_system" instantiated altera_avalon_pio "to_hw_sig"
Info: to_sw_port: Starting RTL generation for module 'nios_system_to_sw_port'
Info: to_sw_port:   Generation command is [exec C:/altera/14.0/quartus/bin64/perl/bin/perl.exe -I C:/altera/14.0/quartus/bin64/perl/lib -I C:/altera/14.0/quartus/sopc_builder/bin/europa -I C:/altera/14.0/quartus/sopc_builder/bin/perl_lib -I C:/altera/14.0/quartus/sopc_builder/bin -I C:/altera/14.0/quartus/../ip/altera/sopc_builder_ip/common -I C:/altera/14.0/quartus/../ip/altera/sopc_builder_ip/altera_avalon_pio -- C:/altera/14.0/quartus/../ip/altera/sopc_builder_ip/altera_avalon_pio/generate_rtl.pl --name=nios_system_to_sw_port --dir=C:/Users/nprince/AppData/Local/Temp/alt6771_8727419500711091185.dir/0043_to_sw_port_gen/ --quartus_dir=C:/altera/14.0/quartus --verilog --config=C:/Users/nprince/AppData/Local/Temp/alt6771_8727419500711091185.dir/0043_to_sw_port_gen//nios_system_to_sw_port_component_configuration.pl  --do_build_sim=0  ]
Info: to_sw_port: Done RTL generation for module 'nios_system_to_sw_port'
Info: to_sw_port: "nios_system" instantiated altera_avalon_pio "to_sw_port"
Info: to_sw_sig: Starting RTL generation for module 'nios_system_to_sw_sig'
Info: to_sw_sig:   Generation command is [exec C:/altera/14.0/quartus/bin64/perl/bin/perl.exe -I C:/altera/14.0/quartus/bin64/perl/lib -I C:/altera/14.0/quartus/sopc_builder/bin/europa -I C:/altera/14.0/quartus/sopc_builder/bin/perl_lib -I C:/altera/14.0/quartus/sopc_builder/bin -I C:/altera/14.0/quartus/../ip/altera/sopc_builder_ip/common -I C:/altera/14.0/quartus/../ip/altera/sopc_builder_ip/altera_avalon_pio -- C:/altera/14.0/quartus/../ip/altera/sopc_builder_ip/altera_avalon_pio/generate_rtl.pl --name=nios_system_to_sw_sig --dir=C:/Users/nprince/AppData/Local/Temp/alt6771_8727419500711091185.dir/0044_to_sw_sig_gen/ --quartus_dir=C:/altera/14.0/quartus --verilog --config=C:/Users/nprince/AppData/Local/Temp/alt6771_8727419500711091185.dir/0044_to_sw_sig_gen//nios_system_to_sw_sig_component_configuration.pl  --do_build_sim=0  ]
Info: to_sw_sig: Done RTL generation for module 'nios_system_to_sw_sig'
Info: to_sw_sig: "nios_system" instantiated altera_avalon_pio "to_sw_sig"
Info: mm_interconnect_0: "nios_system" instantiated altera_mm_interconnect "mm_interconnect_0"
Info: irq_mapper: "nios_system" instantiated altera_irq_mapper "irq_mapper"
Info: rst_controller: "nios_system" instantiated altera_reset_controller "rst_controller"
Info: nios2_qsys_0_data_master_translator: "mm_interconnect_0" instantiated altera_merlin_master_translator "nios2_qsys_0_data_master_translator"
Info: jtag_uart_0_avalon_jtag_slave_translator: "mm_interconnect_0" instantiated altera_merlin_slave_translator "jtag_uart_0_avalon_jtag_slave_translator"
Info: nios2_qsys_0_data_master_agent: "mm_interconnect_0" instantiated altera_merlin_master_agent "nios2_qsys_0_data_master_agent"
Info: jtag_uart_0_avalon_jtag_slave_agent: "mm_interconnect_0" instantiated altera_merlin_slave_agent "jtag_uart_0_avalon_jtag_slave_agent"
Info: jtag_uart_0_avalon_jtag_slave_agent_rsp_fifo: "mm_interconnect_0" instantiated altera_avalon_sc_fifo "jtag_uart_0_avalon_jtag_slave_agent_rsp_fifo"
Info: router: "mm_interconnect_0" instantiated altera_merlin_router "router"
Info: router_001: "mm_interconnect_0" instantiated altera_merlin_router "router_001"
Info: router_002: "mm_interconnect_0" instantiated altera_merlin_router "router_002"
Info: router_003: "mm_interconnect_0" instantiated altera_merlin_router "router_003"
Info: router_006: "mm_interconnect_0" instantiated altera_merlin_router "router_006"
Info: onchip_memory2_0_s1_burst_adapter: "mm_interconnect_0" instantiated altera_merlin_burst_adapter "onchip_memory2_0_s1_burst_adapter"
Info: cmd_demux: "mm_interconnect_0" instantiated altera_merlin_demultiplexer "cmd_demux"
Info: cmd_demux_001: "mm_interconnect_0" instantiated altera_merlin_demultiplexer "cmd_demux_001"
Info: cmd_mux: "mm_interconnect_0" instantiated altera_merlin_multiplexer "cmd_mux"
Info: cmd_mux_001: "mm_interconnect_0" instantiated altera_merlin_multiplexer "cmd_mux_001"
Info: Reusing file F:/lab8/nios_system/synthesis/submodules/altera_merlin_arbitrator.sv
Info: rsp_demux: "mm_interconnect_0" instantiated altera_merlin_demultiplexer "rsp_demux"
Info: rsp_demux_001: "mm_interconnect_0" instantiated altera_merlin_demultiplexer "rsp_demux_001"
Info: rsp_mux: "mm_interconnect_0" instantiated altera_merlin_multiplexer "rsp_mux"
Info: Reusing file F:/lab8/nios_system/synthesis/submodules/altera_merlin_arbitrator.sv
Info: rsp_mux_001: "mm_interconnect_0" instantiated altera_merlin_multiplexer "rsp_mux_001"
Info: Reusing file F:/lab8/nios_system/synthesis/submodules/altera_merlin_arbitrator.sv
Info: onchip_memory2_0_s1_rsp_width_adapter: "mm_interconnect_0" instantiated altera_merlin_width_adapter "onchip_memory2_0_s1_rsp_width_adapter"
Info: Reusing file F:/lab8/nios_system/synthesis/submodules/altera_merlin_address_alignment.sv
Info: Reusing file F:/lab8/nios_system/synthesis/submodules/altera_merlin_burst_uncompressor.sv
Info: crosser: "mm_interconnect_0" instantiated altera_avalon_st_handshake_clock_crosser "crosser"
Info: Reusing file F:/lab8/nios_system/synthesis/submodules/altera_avalon_st_pipeline_base.v
Info: nios_system: Done "nios_system" with 35 modules, 58 files
Info: ip-generate succeeded.
Info: Finished: Create HDL design files for synthesis
